

============================== 2023-04-17 01:05:14.959876 | 31ce3434-9c5b-4bbc-8a63-3fbd31ce3ff1 ==============================
[0m01:05:14.959876 [info ] [MainThread]: Running with dbt=1.4.5
[0m01:05:14.960904 [debug] [MainThread]: running dbt with arguments {'write_json': True, 'use_colors': True, 'printer_width': 80, 'version_check': True, 'partial_parse': True, 'static_parser': True, 'profiles_dir': '/Users/maxryoo/.dbt', 'send_anonymous_usage_stats': True, 'quiet': False, 'no_print': False, 'cache_selected_only': False, 'project_name': 'first_project', 'skip_profile_setup': False, 'which': 'init', 'indirect_selection': 'eager'}
[0m01:05:14.961029 [debug] [MainThread]: Tracking: tracking
[0m01:05:14.990412 [debug] [MainThread]: Sending event: {'category': 'dbt', 'action': 'invocation', 'label': 'start', 'context': [<snowplow_tracker.self_describing_json.SelfDescribingJson object at 0x1116840d0>, <snowplow_tracker.self_describing_json.SelfDescribingJson object at 0x111672c40>, <snowplow_tracker.self_describing_json.SelfDescribingJson object at 0x111672610>]}
[0m01:05:14.991640 [info ] [MainThread]: Creating dbt configuration folder at /Users/maxryoo/.dbt
[0m01:05:14.993304 [debug] [MainThread]: Starter project path: /Users/maxryoo/Documents/MSDS/Spring2023/DS5559_dbt_lab/venv/lib/python3.9/site-packages/dbt/include/starter_project
[0m01:06:56.093561 [debug] [MainThread]: Sending event: {'category': 'dbt', 'action': 'invocation', 'label': 'end', 'context': [<snowplow_tracker.self_describing_json.SelfDescribingJson object at 0x113255b80>, <snowplow_tracker.self_describing_json.SelfDescribingJson object at 0x113255c70>, <snowplow_tracker.self_describing_json.SelfDescribingJson object at 0x113255bb0>]}
[0m01:06:56.095098 [debug] [MainThread]: Flushing usage events
[0m01:06:56.357327 [error] [MainThread]: Encountered an error:

[0m01:06:56.359645 [error] [MainThread]: Traceback (most recent call last):
  File "/Users/maxryoo/Documents/MSDS/Spring2023/DS5559_dbt_lab/venv/lib/python3.9/site-packages/dbt/main.py", line 136, in main
    results, succeeded = handle_and_check(args)
  File "/Users/maxryoo/Documents/MSDS/Spring2023/DS5559_dbt_lab/venv/lib/python3.9/site-packages/dbt/main.py", line 206, in handle_and_check
    task, res = run_from_args(parsed)
  File "/Users/maxryoo/Documents/MSDS/Spring2023/DS5559_dbt_lab/venv/lib/python3.9/site-packages/dbt/main.py", line 253, in run_from_args
    results = task.run()
  File "/Users/maxryoo/Documents/MSDS/Spring2023/DS5559_dbt_lab/venv/lib/python3.9/site-packages/dbt/task/init.py", line 305, in run
    self.create_profile_from_target(adapter, profile_name=project_name)
  File "/Users/maxryoo/Documents/MSDS/Spring2023/DS5559_dbt_lab/venv/lib/python3.9/site-packages/dbt/task/init.py", line 180, in create_profile_from_target
    self.create_profile_from_profile_template(profile_template, profile_name)
  File "/Users/maxryoo/Documents/MSDS/Spring2023/DS5559_dbt_lab/venv/lib/python3.9/site-packages/dbt/task/init.py", line 164, in create_profile_from_profile_template
    target = self.generate_target_from_input(prompts, initial_target)
  File "/Users/maxryoo/Documents/MSDS/Spring2023/DS5559_dbt_lab/venv/lib/python3.9/site-packages/dbt/task/init.py", line 130, in generate_target_from_input
    target[key] = click.prompt(
  File "/Users/maxryoo/Documents/MSDS/Spring2023/DS5559_dbt_lab/venv/lib/python3.9/site-packages/click/termui.py", line 166, in prompt
    value = prompt_func(prompt)
  File "/Users/maxryoo/Documents/MSDS/Spring2023/DS5559_dbt_lab/venv/lib/python3.9/site-packages/click/termui.py", line 149, in prompt_func
    raise Abort() from None
click.exceptions.Abort



============================== 2023-04-17 01:17:33.021179 | 0987ae88-9f31-45ed-bea7-55e161401754 ==============================
[0m01:17:33.021179 [info ] [MainThread]: Running with dbt=1.4.5
[0m01:17:33.036255 [debug] [MainThread]: running dbt with arguments {'write_json': True, 'use_colors': True, 'printer_width': 80, 'version_check': True, 'partial_parse': True, 'static_parser': True, 'profiles_dir': '/Users/maxryoo/.dbt', 'send_anonymous_usage_stats': True, 'quiet': False, 'no_print': False, 'cache_selected_only': False, 'skip_profile_setup': False, 'which': 'init', 'indirect_selection': 'eager'}
[0m01:17:33.036567 [debug] [MainThread]: Tracking: tracking
[0m01:17:33.063490 [debug] [MainThread]: Sending event: {'category': 'dbt', 'action': 'invocation', 'label': 'start', 'context': [<snowplow_tracker.self_describing_json.SelfDescribingJson object at 0x111343610>, <snowplow_tracker.self_describing_json.SelfDescribingJson object at 0x111343d60>, <snowplow_tracker.self_describing_json.SelfDescribingJson object at 0x10cbfedf0>]}
[0m01:17:45.686730 [debug] [MainThread]: Starter project path: /Users/maxryoo/Documents/MSDS/Spring2023/DS5559_dbt_lab/venv/lib/python3.9/site-packages/dbt/include/starter_project
[0m01:19:07.987516 [debug] [MainThread]: Sending event: {'category': 'dbt', 'action': 'invocation', 'label': 'end', 'context': [<snowplow_tracker.self_describing_json.SelfDescribingJson object at 0x10fefd970>, <snowplow_tracker.self_describing_json.SelfDescribingJson object at 0x112f81d00>, <snowplow_tracker.self_describing_json.SelfDescribingJson object at 0x112f93460>]}
[0m01:19:07.989106 [debug] [MainThread]: Flushing usage events
[0m01:19:08.586562 [info ] [MainThread]: ctrl-c


============================== 2023-04-17 01:19:12.903460 | 648ac8db-10e1-471f-b99e-b49ce71887dc ==============================
[0m01:19:12.903460 [info ] [MainThread]: Running with dbt=1.4.5
[0m01:19:12.904395 [debug] [MainThread]: running dbt with arguments {'write_json': True, 'use_colors': True, 'printer_width': 80, 'version_check': True, 'partial_parse': True, 'static_parser': True, 'profiles_dir': '/Users/maxryoo/.dbt', 'send_anonymous_usage_stats': True, 'quiet': False, 'no_print': False, 'cache_selected_only': False, 'skip_profile_setup': False, 'which': 'init', 'indirect_selection': 'eager'}
[0m01:19:12.904512 [debug] [MainThread]: Tracking: tracking
[0m01:19:12.926549 [debug] [MainThread]: Sending event: {'category': 'dbt', 'action': 'invocation', 'label': 'start', 'context': [<snowplow_tracker.self_describing_json.SelfDescribingJson object at 0x10d40a610>, <snowplow_tracker.self_describing_json.SelfDescribingJson object at 0x10d40ad60>, <snowplow_tracker.self_describing_json.SelfDescribingJson object at 0x108cc5df0>]}
[0m01:19:19.118867 [info ] [MainThread]: A project called DS5559_dbt_lab already exists here.
[0m01:19:19.120645 [debug] [MainThread]: Sending event: {'category': 'dbt', 'action': 'invocation', 'label': 'end', 'context': [<snowplow_tracker.self_describing_json.SelfDescribingJson object at 0x108cc5df0>, <snowplow_tracker.self_describing_json.SelfDescribingJson object at 0x10d40ad60>, <snowplow_tracker.self_describing_json.SelfDescribingJson object at 0x10d40aa60>]}
[0m01:19:19.121422 [debug] [MainThread]: Flushing usage events


============================== 2023-04-17 01:19:29.625289 | 772e88a6-7523-481c-bfac-097b79d0d37d ==============================
[0m01:19:29.625289 [info ] [MainThread]: Running with dbt=1.4.5
[0m01:19:29.626272 [debug] [MainThread]: running dbt with arguments {'write_json': True, 'use_colors': True, 'printer_width': 80, 'version_check': True, 'partial_parse': True, 'static_parser': True, 'profiles_dir': '/Users/maxryoo/.dbt', 'send_anonymous_usage_stats': True, 'quiet': False, 'no_print': False, 'cache_selected_only': False, 'config_dir': True, 'which': 'debug', 'indirect_selection': 'eager'}
[0m01:19:29.626404 [debug] [MainThread]: Tracking: tracking
[0m01:19:29.648566 [debug] [MainThread]: Sending event: {'category': 'dbt', 'action': 'invocation', 'label': 'start', 'context': [<snowplow_tracker.self_describing_json.SelfDescribingJson object at 0x10d981040>, <snowplow_tracker.self_describing_json.SelfDescribingJson object at 0x10d94aac0>, <snowplow_tracker.self_describing_json.SelfDescribingJson object at 0x10d94aa60>]}
[0m01:19:29.649847 [info ] [MainThread]: To view your profiles.yml file, run:

open /Users/maxryoo/.dbt
[0m01:19:29.650218 [debug] [MainThread]: Sending event: {'category': 'dbt', 'action': 'invocation', 'label': 'end', 'context': [<snowplow_tracker.self_describing_json.SelfDescribingJson object at 0x10d981040>, <snowplow_tracker.self_describing_json.SelfDescribingJson object at 0x10d94aa60>, <snowplow_tracker.self_describing_json.SelfDescribingJson object at 0x10d94ab50>]}
[0m01:19:29.650428 [debug] [MainThread]: Flushing usage events


============================== 2023-04-17 01:21:07.369022 | d1cc152c-45f9-4de4-b359-bf3e170ee623 ==============================
[0m01:21:07.369022 [info ] [MainThread]: Running with dbt=1.4.5
[0m01:21:07.370269 [debug] [MainThread]: running dbt with arguments {'write_json': True, 'use_colors': True, 'printer_width': 80, 'version_check': True, 'partial_parse': True, 'static_parser': True, 'profiles_dir': '/Users/maxryoo/.dbt', 'send_anonymous_usage_stats': True, 'quiet': False, 'no_print': False, 'cache_selected_only': False, 'skip_profile_setup': False, 'which': 'init', 'indirect_selection': 'eager'}
[0m01:21:07.370439 [debug] [MainThread]: Tracking: tracking
[0m01:21:07.392579 [debug] [MainThread]: Sending event: {'category': 'dbt', 'action': 'invocation', 'label': 'start', 'context': [<snowplow_tracker.self_describing_json.SelfDescribingJson object at 0x10d2b30d0>, <snowplow_tracker.self_describing_json.SelfDescribingJson object at 0x108b37ca0>, <snowplow_tracker.self_describing_json.SelfDescribingJson object at 0x10d27b970>]}
[0m01:21:14.250077 [debug] [MainThread]: Starter project path: /Users/maxryoo/Documents/MSDS/Spring2023/DS5559_dbt_lab/venv/lib/python3.9/site-packages/dbt/include/starter_project
[0m01:21:55.614664 [info ] [MainThread]: Profile DS5559_Lab written to /Users/maxryoo/.dbt/profiles.yml using target's profile_template.yml and your supplied values. Run 'dbt debug' to validate the connection.
[0m01:21:55.616478 [info ] [MainThread]: 
Your new dbt project "DS5559_Lab" was created!

For more information on how to configure the profiles.yml file,
please consult the dbt documentation here:

  https://docs.getdbt.com/docs/configure-your-profile

One more thing:

Need help? Don't hesitate to reach out to us via GitHub issues or on Slack:

  https://community.getdbt.com/

Happy modeling!

[0m01:21:55.617635 [debug] [MainThread]: Sending event: {'category': 'dbt', 'action': 'invocation', 'label': 'end', 'context': [<snowplow_tracker.self_describing_json.SelfDescribingJson object at 0x10d28fe50>, <snowplow_tracker.self_describing_json.SelfDescribingJson object at 0x10b52d850>, <snowplow_tracker.self_describing_json.SelfDescribingJson object at 0x108b37ca0>]}
[0m01:21:55.618261 [debug] [MainThread]: Flushing usage events


============================== 2023-04-17 01:23:39.897015 | 8eb69918-7157-425a-99db-977ae5dadf1b ==============================
[0m01:23:39.897015 [info ] [MainThread]: Running with dbt=1.4.5
[0m01:23:39.898178 [debug] [MainThread]: running dbt with arguments {'write_json': True, 'use_colors': True, 'printer_width': 80, 'version_check': True, 'partial_parse': True, 'static_parser': True, 'profiles_dir': '/Users/maxryoo/.dbt', 'send_anonymous_usage_stats': True, 'quiet': False, 'no_print': False, 'cache_selected_only': False, 'project_name': 'DS5559_LAB', 'skip_profile_setup': False, 'which': 'init', 'indirect_selection': 'eager'}
[0m01:23:39.898329 [debug] [MainThread]: Tracking: tracking
[0m01:23:39.920010 [debug] [MainThread]: Sending event: {'category': 'dbt', 'action': 'invocation', 'label': 'start', 'context': [<snowplow_tracker.self_describing_json.SelfDescribingJson object at 0x10dbfc040>, <snowplow_tracker.self_describing_json.SelfDescribingJson object at 0x10dbc4e20>, <snowplow_tracker.self_describing_json.SelfDescribingJson object at 0x10dbc49a0>]}
[0m01:23:39.921871 [info ] [MainThread]: A project called DS5559_LAB already exists here.
[0m01:23:39.922178 [debug] [MainThread]: Sending event: {'category': 'dbt', 'action': 'invocation', 'label': 'end', 'context': [<snowplow_tracker.self_describing_json.SelfDescribingJson object at 0x10dbfc040>, <snowplow_tracker.self_describing_json.SelfDescribingJson object at 0x10dbc49a0>, <snowplow_tracker.self_describing_json.SelfDescribingJson object at 0x10dbd3580>]}
[0m01:23:39.922358 [debug] [MainThread]: Flushing usage events


============================== 2023-04-17 01:27:10.517660 | af4698de-dd4d-43b8-b4aa-5086ef5c7950 ==============================
[0m01:27:10.517660 [info ] [MainThread]: Running with dbt=1.4.5
[0m01:27:10.518855 [debug] [MainThread]: running dbt with arguments {'write_json': True, 'use_colors': True, 'printer_width': 80, 'version_check': True, 'partial_parse': True, 'static_parser': True, 'profiles_dir': '/Users/maxryoo/.dbt', 'send_anonymous_usage_stats': True, 'quiet': False, 'no_print': False, 'cache_selected_only': False, 'project_name': 'DS5559_LAB', 'skip_profile_setup': False, 'which': 'init', 'indirect_selection': 'eager'}
[0m01:27:10.519016 [debug] [MainThread]: Tracking: tracking
[0m01:27:10.540815 [debug] [MainThread]: Sending event: {'category': 'dbt', 'action': 'invocation', 'label': 'start', 'context': [<snowplow_tracker.self_describing_json.SelfDescribingJson object at 0x10f1b0040>, <snowplow_tracker.self_describing_json.SelfDescribingJson object at 0x10f178e20>, <snowplow_tracker.self_describing_json.SelfDescribingJson object at 0x10f1789a0>]}
[0m01:27:10.543348 [info ] [MainThread]: A project called DS5559_LAB already exists here.
[0m01:27:10.543738 [debug] [MainThread]: Sending event: {'category': 'dbt', 'action': 'invocation', 'label': 'end', 'context': [<snowplow_tracker.self_describing_json.SelfDescribingJson object at 0x10f1b0040>, <snowplow_tracker.self_describing_json.SelfDescribingJson object at 0x10f1789a0>, <snowplow_tracker.self_describing_json.SelfDescribingJson object at 0x10f188580>]}
[0m01:27:10.543931 [debug] [MainThread]: Flushing usage events


============================== 2023-04-17 01:27:16.353742 | 44c945a7-9e03-4d9f-9a47-54bd30a9fda0 ==============================
[0m01:27:16.353742 [info ] [MainThread]: Running with dbt=1.4.5
[0m01:27:16.354703 [debug] [MainThread]: running dbt with arguments {'write_json': True, 'use_colors': True, 'printer_width': 80, 'version_check': True, 'partial_parse': True, 'static_parser': True, 'profiles_dir': '/Users/maxryoo/.dbt', 'send_anonymous_usage_stats': True, 'quiet': False, 'no_print': False, 'cache_selected_only': False, 'skip_profile_setup': False, 'which': 'init', 'indirect_selection': 'eager'}
[0m01:27:16.354820 [debug] [MainThread]: Tracking: tracking
[0m01:27:16.378044 [debug] [MainThread]: Sending event: {'category': 'dbt', 'action': 'invocation', 'label': 'start', 'context': [<snowplow_tracker.self_describing_json.SelfDescribingJson object at 0x10f74f040>, <snowplow_tracker.self_describing_json.SelfDescribingJson object at 0x10f717e20>, <snowplow_tracker.self_describing_json.SelfDescribingJson object at 0x10f7179a0>]}
[0m01:27:17.486795 [debug] [MainThread]: Sending event: {'category': 'dbt', 'action': 'invocation', 'label': 'end', 'context': [<snowplow_tracker.self_describing_json.SelfDescribingJson object at 0x10f717e20>, <snowplow_tracker.self_describing_json.SelfDescribingJson object at 0x10f717af0>, <snowplow_tracker.self_describing_json.SelfDescribingJson object at 0x10f7278e0>]}
[0m01:27:17.487949 [debug] [MainThread]: Flushing usage events
[0m01:27:17.664859 [error] [MainThread]: Encountered an error:

[0m01:27:17.669376 [error] [MainThread]: Traceback (most recent call last):
  File "/Users/maxryoo/Documents/MSDS/Spring2023/DS5559_dbt_lab/venv/lib/python3.9/site-packages/dbt/main.py", line 136, in main
    results, succeeded = handle_and_check(args)
  File "/Users/maxryoo/Documents/MSDS/Spring2023/DS5559_dbt_lab/venv/lib/python3.9/site-packages/dbt/main.py", line 206, in handle_and_check
    task, res = run_from_args(parsed)
  File "/Users/maxryoo/Documents/MSDS/Spring2023/DS5559_dbt_lab/venv/lib/python3.9/site-packages/dbt/main.py", line 253, in run_from_args
    results = task.run()
  File "/Users/maxryoo/Documents/MSDS/Spring2023/DS5559_dbt_lab/venv/lib/python3.9/site-packages/dbt/task/init.py", line 286, in run
    project_name = self.get_valid_project_name()
  File "/Users/maxryoo/Documents/MSDS/Spring2023/DS5559_dbt_lab/venv/lib/python3.9/site-packages/dbt/task/init.py", line 243, in get_valid_project_name
    name = click.prompt("Enter a name for your project (letters, digits, underscore)")
  File "/Users/maxryoo/Documents/MSDS/Spring2023/DS5559_dbt_lab/venv/lib/python3.9/site-packages/click/termui.py", line 166, in prompt
    value = prompt_func(prompt)
  File "/Users/maxryoo/Documents/MSDS/Spring2023/DS5559_dbt_lab/venv/lib/python3.9/site-packages/click/termui.py", line 149, in prompt_func
    raise Abort() from None
click.exceptions.Abort



============================== 2023-04-17 01:27:20.709952 | d9e9a211-fd7b-48a6-a128-781a5f72fa96 ==============================
[0m01:27:20.709952 [info ] [MainThread]: Running with dbt=1.4.5
[0m01:27:20.710893 [debug] [MainThread]: running dbt with arguments {'write_json': True, 'use_colors': True, 'printer_width': 80, 'version_check': True, 'partial_parse': True, 'static_parser': True, 'profiles_dir': '/Users/maxryoo/.dbt', 'send_anonymous_usage_stats': True, 'quiet': False, 'no_print': False, 'cache_selected_only': False, 'project_name': 'DS5559_LAB', 'skip_profile_setup': False, 'which': 'init', 'indirect_selection': 'eager'}
[0m01:27:20.711188 [debug] [MainThread]: Tracking: tracking
[0m01:27:20.736544 [debug] [MainThread]: Sending event: {'category': 'dbt', 'action': 'invocation', 'label': 'start', 'context': [<snowplow_tracker.self_describing_json.SelfDescribingJson object at 0x10df270a0>, <snowplow_tracker.self_describing_json.SelfDescribingJson object at 0x1097abee0>, <snowplow_tracker.self_describing_json.SelfDescribingJson object at 0x10deef670>]}
[0m01:27:20.739073 [info ] [MainThread]: A project called DS5559_LAB already exists here.
[0m01:27:20.739445 [debug] [MainThread]: Sending event: {'category': 'dbt', 'action': 'invocation', 'label': 'end', 'context': [<snowplow_tracker.self_describing_json.SelfDescribingJson object at 0x10df270a0>, <snowplow_tracker.self_describing_json.SelfDescribingJson object at 0x1097abca0>, <snowplow_tracker.self_describing_json.SelfDescribingJson object at 0x10deefdf0>]}
[0m01:27:20.739644 [debug] [MainThread]: Flushing usage events


============================== 2023-04-17 01:29:06.001476 | ebda99a7-72f2-4f11-8fe1-618b58fdea70 ==============================
[0m01:29:06.001476 [info ] [MainThread]: Running with dbt=1.4.5
[0m01:29:06.002527 [debug] [MainThread]: running dbt with arguments {'write_json': True, 'use_colors': True, 'printer_width': 80, 'version_check': True, 'partial_parse': True, 'static_parser': True, 'profiles_dir': '/Users/maxryoo/.dbt', 'send_anonymous_usage_stats': True, 'quiet': False, 'no_print': False, 'cache_selected_only': False, 'config_dir': True, 'which': 'debug', 'indirect_selection': 'eager'}
[0m01:29:06.002647 [debug] [MainThread]: Tracking: tracking
[0m01:29:06.022669 [debug] [MainThread]: Sending event: {'category': 'dbt', 'action': 'invocation', 'label': 'start', 'context': [<snowplow_tracker.self_describing_json.SelfDescribingJson object at 0x10f4fd100>, <snowplow_tracker.self_describing_json.SelfDescribingJson object at 0x10f4c6b50>, <snowplow_tracker.self_describing_json.SelfDescribingJson object at 0x10f4c69d0>]}
[0m01:29:06.023707 [info ] [MainThread]: To view your profiles.yml file, run:

open /Users/maxryoo/.dbt
[0m01:29:06.024048 [debug] [MainThread]: Sending event: {'category': 'dbt', 'action': 'invocation', 'label': 'end', 'context': [<snowplow_tracker.self_describing_json.SelfDescribingJson object at 0x10f4fd100>, <snowplow_tracker.self_describing_json.SelfDescribingJson object at 0x10f4c69d0>, <snowplow_tracker.self_describing_json.SelfDescribingJson object at 0x10f4c6b50>]}
[0m01:29:06.024234 [debug] [MainThread]: Flushing usage events


============================== 2023-04-17 01:30:21.167558 | 7994942a-db9c-4c5e-abf1-76255e653796 ==============================
[0m01:30:21.167558 [info ] [MainThread]: Running with dbt=1.4.5
[0m01:30:21.168827 [debug] [MainThread]: running dbt with arguments {'write_json': True, 'use_colors': True, 'printer_width': 80, 'version_check': True, 'partial_parse': True, 'static_parser': True, 'profiles_dir': '/Users/maxryoo/.dbt', 'send_anonymous_usage_stats': True, 'quiet': False, 'no_print': False, 'cache_selected_only': False, 'project_name': 'DS5559_LAB', 'skip_profile_setup': False, 'which': 'init', 'indirect_selection': 'eager'}
[0m01:30:21.168963 [debug] [MainThread]: Tracking: tracking
[0m01:30:21.190131 [debug] [MainThread]: Sending event: {'category': 'dbt', 'action': 'invocation', 'label': 'start', 'context': [<snowplow_tracker.self_describing_json.SelfDescribingJson object at 0x11198a0d0>, <snowplow_tracker.self_describing_json.SelfDescribingJson object at 0x10d20eca0>, <snowplow_tracker.self_describing_json.SelfDescribingJson object at 0x111952970>]}
[0m01:30:21.192411 [info ] [MainThread]: A project called DS5559_LAB already exists here.
[0m01:30:21.192754 [debug] [MainThread]: Sending event: {'category': 'dbt', 'action': 'invocation', 'label': 'end', 'context': [<snowplow_tracker.self_describing_json.SelfDescribingJson object at 0x11198a0d0>, <snowplow_tracker.self_describing_json.SelfDescribingJson object at 0x10d20edf0>, <snowplow_tracker.self_describing_json.SelfDescribingJson object at 0x111952a00>]}
[0m01:30:21.192985 [debug] [MainThread]: Flushing usage events


============================== 2023-04-17 01:30:38.169646 | 2118782c-9f12-4266-8768-cef9caa9735b ==============================
[0m01:30:38.169646 [info ] [MainThread]: Running with dbt=1.4.5
[0m01:30:38.170565 [debug] [MainThread]: running dbt with arguments {'write_json': True, 'use_colors': True, 'printer_width': 80, 'version_check': True, 'partial_parse': True, 'static_parser': True, 'profiles_dir': '/Users/maxryoo/.dbt', 'send_anonymous_usage_stats': True, 'quiet': False, 'no_print': False, 'cache_selected_only': False, 'project_name': 'DS5559_LAB', 'skip_profile_setup': False, 'which': 'init', 'indirect_selection': 'eager'}
[0m01:30:38.170677 [debug] [MainThread]: Tracking: tracking
[0m01:30:38.191383 [debug] [MainThread]: Sending event: {'category': 'dbt', 'action': 'invocation', 'label': 'start', 'context': [<snowplow_tracker.self_describing_json.SelfDescribingJson object at 0x10dafb0a0>, <snowplow_tracker.self_describing_json.SelfDescribingJson object at 0x10dae9e50>, <snowplow_tracker.self_describing_json.SelfDescribingJson object at 0x10dae97f0>]}
[0m01:30:38.193601 [debug] [MainThread]: Starter project path: /Users/maxryoo/Documents/MSDS/Spring2023/DS5559_dbt_lab/venv/lib/python3.9/site-packages/dbt/include/starter_project
[0m01:30:38.199341 [debug] [MainThread]: Sending event: {'category': 'dbt', 'action': 'invocation', 'label': 'end', 'context': [<snowplow_tracker.self_describing_json.SelfDescribingJson object at 0x10db01880>, <snowplow_tracker.self_describing_json.SelfDescribingJson object at 0x10db01850>, <snowplow_tracker.self_describing_json.SelfDescribingJson object at 0x10db017c0>]}
[0m01:30:38.199683 [debug] [MainThread]: Flushing usage events
[0m01:30:38.430469 [error] [MainThread]: Encountered an error:
mapping values are not allowed here
  in "/Users/maxryoo/.dbt/profiles.yml", line 7, column 12
[0m01:30:38.437657 [error] [MainThread]: Traceback (most recent call last):
  File "/Users/maxryoo/Documents/MSDS/Spring2023/DS5559_dbt_lab/venv/lib/python3.9/site-packages/dbt/main.py", line 136, in main
    results, succeeded = handle_and_check(args)
  File "/Users/maxryoo/Documents/MSDS/Spring2023/DS5559_dbt_lab/venv/lib/python3.9/site-packages/dbt/main.py", line 206, in handle_and_check
    task, res = run_from_args(parsed)
  File "/Users/maxryoo/Documents/MSDS/Spring2023/DS5559_dbt_lab/venv/lib/python3.9/site-packages/dbt/main.py", line 253, in run_from_args
    results = task.run()
  File "/Users/maxryoo/Documents/MSDS/Spring2023/DS5559_dbt_lab/venv/lib/python3.9/site-packages/dbt/task/init.py", line 302, in run
    if not self.check_if_can_write_profile(profile_name=project_name):
  File "/Users/maxryoo/Documents/MSDS/Spring2023/DS5559_dbt_lab/venv/lib/python3.9/site-packages/dbt/task/init.py", line 201, in check_if_can_write_profile
    profiles = yaml.safe_load(f) or {}
  File "/Users/maxryoo/Documents/MSDS/Spring2023/DS5559_dbt_lab/venv/lib/python3.9/site-packages/yaml/__init__.py", line 125, in safe_load
    return load(stream, SafeLoader)
  File "/Users/maxryoo/Documents/MSDS/Spring2023/DS5559_dbt_lab/venv/lib/python3.9/site-packages/yaml/__init__.py", line 81, in load
    return loader.get_single_data()
  File "/Users/maxryoo/Documents/MSDS/Spring2023/DS5559_dbt_lab/venv/lib/python3.9/site-packages/yaml/constructor.py", line 49, in get_single_data
    node = self.get_single_node()
  File "/Users/maxryoo/Documents/MSDS/Spring2023/DS5559_dbt_lab/venv/lib/python3.9/site-packages/yaml/composer.py", line 36, in get_single_node
    document = self.compose_document()
  File "/Users/maxryoo/Documents/MSDS/Spring2023/DS5559_dbt_lab/venv/lib/python3.9/site-packages/yaml/composer.py", line 55, in compose_document
    node = self.compose_node(None, None)
  File "/Users/maxryoo/Documents/MSDS/Spring2023/DS5559_dbt_lab/venv/lib/python3.9/site-packages/yaml/composer.py", line 84, in compose_node
    node = self.compose_mapping_node(anchor)
  File "/Users/maxryoo/Documents/MSDS/Spring2023/DS5559_dbt_lab/venv/lib/python3.9/site-packages/yaml/composer.py", line 133, in compose_mapping_node
    item_value = self.compose_node(node, item_key)
  File "/Users/maxryoo/Documents/MSDS/Spring2023/DS5559_dbt_lab/venv/lib/python3.9/site-packages/yaml/composer.py", line 84, in compose_node
    node = self.compose_mapping_node(anchor)
  File "/Users/maxryoo/Documents/MSDS/Spring2023/DS5559_dbt_lab/venv/lib/python3.9/site-packages/yaml/composer.py", line 133, in compose_mapping_node
    item_value = self.compose_node(node, item_key)
  File "/Users/maxryoo/Documents/MSDS/Spring2023/DS5559_dbt_lab/venv/lib/python3.9/site-packages/yaml/composer.py", line 84, in compose_node
    node = self.compose_mapping_node(anchor)
  File "/Users/maxryoo/Documents/MSDS/Spring2023/DS5559_dbt_lab/venv/lib/python3.9/site-packages/yaml/composer.py", line 133, in compose_mapping_node
    item_value = self.compose_node(node, item_key)
  File "/Users/maxryoo/Documents/MSDS/Spring2023/DS5559_dbt_lab/venv/lib/python3.9/site-packages/yaml/composer.py", line 84, in compose_node
    node = self.compose_mapping_node(anchor)
  File "/Users/maxryoo/Documents/MSDS/Spring2023/DS5559_dbt_lab/venv/lib/python3.9/site-packages/yaml/composer.py", line 127, in compose_mapping_node
    while not self.check_event(MappingEndEvent):
  File "/Users/maxryoo/Documents/MSDS/Spring2023/DS5559_dbt_lab/venv/lib/python3.9/site-packages/yaml/parser.py", line 98, in check_event
    self.current_event = self.state()
  File "/Users/maxryoo/Documents/MSDS/Spring2023/DS5559_dbt_lab/venv/lib/python3.9/site-packages/yaml/parser.py", line 428, in parse_block_mapping_key
    if self.check_token(KeyToken):
  File "/Users/maxryoo/Documents/MSDS/Spring2023/DS5559_dbt_lab/venv/lib/python3.9/site-packages/yaml/scanner.py", line 116, in check_token
    self.fetch_more_tokens()
  File "/Users/maxryoo/Documents/MSDS/Spring2023/DS5559_dbt_lab/venv/lib/python3.9/site-packages/yaml/scanner.py", line 223, in fetch_more_tokens
    return self.fetch_value()
  File "/Users/maxryoo/Documents/MSDS/Spring2023/DS5559_dbt_lab/venv/lib/python3.9/site-packages/yaml/scanner.py", line 577, in fetch_value
    raise ScannerError(None, None,
yaml.scanner.ScannerError: mapping values are not allowed here
  in "/Users/maxryoo/.dbt/profiles.yml", line 7, column 12



============================== 2023-04-17 01:31:31.406852 | 65d6b385-ba27-48cc-9b24-9467c68a0336 ==============================
[0m01:31:31.406852 [info ] [MainThread]: Running with dbt=1.4.5
[0m01:31:31.407930 [debug] [MainThread]: running dbt with arguments {'write_json': True, 'use_colors': True, 'printer_width': 80, 'version_check': True, 'partial_parse': True, 'static_parser': True, 'profiles_dir': '/Users/maxryoo/.dbt', 'send_anonymous_usage_stats': True, 'quiet': False, 'no_print': False, 'cache_selected_only': False, 'project_name': 'DS5559_LAB', 'skip_profile_setup': False, 'which': 'init', 'indirect_selection': 'eager'}
[0m01:31:31.408079 [debug] [MainThread]: Tracking: tracking
[0m01:31:31.433894 [debug] [MainThread]: Sending event: {'category': 'dbt', 'action': 'invocation', 'label': 'start', 'context': [<snowplow_tracker.self_describing_json.SelfDescribingJson object at 0x10f90a040>, <snowplow_tracker.self_describing_json.SelfDescribingJson object at 0x10f8d2e20>, <snowplow_tracker.self_describing_json.SelfDescribingJson object at 0x10f8d29a0>]}
[0m01:31:31.436014 [debug] [MainThread]: Starter project path: /Users/maxryoo/Documents/MSDS/Spring2023/DS5559_dbt_lab/venv/lib/python3.9/site-packages/dbt/include/starter_project
[0m01:31:31.440230 [debug] [MainThread]: Sending event: {'category': 'dbt', 'action': 'invocation', 'label': 'end', 'context': [<snowplow_tracker.self_describing_json.SelfDescribingJson object at 0x10f8e6040>, <snowplow_tracker.self_describing_json.SelfDescribingJson object at 0x10f8e6f40>, <snowplow_tracker.self_describing_json.SelfDescribingJson object at 0x10f8e63d0>]}
[0m01:31:31.440456 [debug] [MainThread]: Flushing usage events
[0m01:31:31.595892 [error] [MainThread]: Encountered an error:
mapping values are not allowed here
  in "/Users/maxryoo/.dbt/profiles.yml", line 7, column 12
[0m01:31:31.598271 [error] [MainThread]: Traceback (most recent call last):
  File "/Users/maxryoo/Documents/MSDS/Spring2023/DS5559_dbt_lab/venv/lib/python3.9/site-packages/dbt/main.py", line 136, in main
    results, succeeded = handle_and_check(args)
  File "/Users/maxryoo/Documents/MSDS/Spring2023/DS5559_dbt_lab/venv/lib/python3.9/site-packages/dbt/main.py", line 206, in handle_and_check
    task, res = run_from_args(parsed)
  File "/Users/maxryoo/Documents/MSDS/Spring2023/DS5559_dbt_lab/venv/lib/python3.9/site-packages/dbt/main.py", line 253, in run_from_args
    results = task.run()
  File "/Users/maxryoo/Documents/MSDS/Spring2023/DS5559_dbt_lab/venv/lib/python3.9/site-packages/dbt/task/init.py", line 302, in run
    if not self.check_if_can_write_profile(profile_name=project_name):
  File "/Users/maxryoo/Documents/MSDS/Spring2023/DS5559_dbt_lab/venv/lib/python3.9/site-packages/dbt/task/init.py", line 201, in check_if_can_write_profile
    profiles = yaml.safe_load(f) or {}
  File "/Users/maxryoo/Documents/MSDS/Spring2023/DS5559_dbt_lab/venv/lib/python3.9/site-packages/yaml/__init__.py", line 125, in safe_load
    return load(stream, SafeLoader)
  File "/Users/maxryoo/Documents/MSDS/Spring2023/DS5559_dbt_lab/venv/lib/python3.9/site-packages/yaml/__init__.py", line 81, in load
    return loader.get_single_data()
  File "/Users/maxryoo/Documents/MSDS/Spring2023/DS5559_dbt_lab/venv/lib/python3.9/site-packages/yaml/constructor.py", line 49, in get_single_data
    node = self.get_single_node()
  File "/Users/maxryoo/Documents/MSDS/Spring2023/DS5559_dbt_lab/venv/lib/python3.9/site-packages/yaml/composer.py", line 36, in get_single_node
    document = self.compose_document()
  File "/Users/maxryoo/Documents/MSDS/Spring2023/DS5559_dbt_lab/venv/lib/python3.9/site-packages/yaml/composer.py", line 55, in compose_document
    node = self.compose_node(None, None)
  File "/Users/maxryoo/Documents/MSDS/Spring2023/DS5559_dbt_lab/venv/lib/python3.9/site-packages/yaml/composer.py", line 84, in compose_node
    node = self.compose_mapping_node(anchor)
  File "/Users/maxryoo/Documents/MSDS/Spring2023/DS5559_dbt_lab/venv/lib/python3.9/site-packages/yaml/composer.py", line 133, in compose_mapping_node
    item_value = self.compose_node(node, item_key)
  File "/Users/maxryoo/Documents/MSDS/Spring2023/DS5559_dbt_lab/venv/lib/python3.9/site-packages/yaml/composer.py", line 84, in compose_node
    node = self.compose_mapping_node(anchor)
  File "/Users/maxryoo/Documents/MSDS/Spring2023/DS5559_dbt_lab/venv/lib/python3.9/site-packages/yaml/composer.py", line 133, in compose_mapping_node
    item_value = self.compose_node(node, item_key)
  File "/Users/maxryoo/Documents/MSDS/Spring2023/DS5559_dbt_lab/venv/lib/python3.9/site-packages/yaml/composer.py", line 84, in compose_node
    node = self.compose_mapping_node(anchor)
  File "/Users/maxryoo/Documents/MSDS/Spring2023/DS5559_dbt_lab/venv/lib/python3.9/site-packages/yaml/composer.py", line 133, in compose_mapping_node
    item_value = self.compose_node(node, item_key)
  File "/Users/maxryoo/Documents/MSDS/Spring2023/DS5559_dbt_lab/venv/lib/python3.9/site-packages/yaml/composer.py", line 84, in compose_node
    node = self.compose_mapping_node(anchor)
  File "/Users/maxryoo/Documents/MSDS/Spring2023/DS5559_dbt_lab/venv/lib/python3.9/site-packages/yaml/composer.py", line 127, in compose_mapping_node
    while not self.check_event(MappingEndEvent):
  File "/Users/maxryoo/Documents/MSDS/Spring2023/DS5559_dbt_lab/venv/lib/python3.9/site-packages/yaml/parser.py", line 98, in check_event
    self.current_event = self.state()
  File "/Users/maxryoo/Documents/MSDS/Spring2023/DS5559_dbt_lab/venv/lib/python3.9/site-packages/yaml/parser.py", line 428, in parse_block_mapping_key
    if self.check_token(KeyToken):
  File "/Users/maxryoo/Documents/MSDS/Spring2023/DS5559_dbt_lab/venv/lib/python3.9/site-packages/yaml/scanner.py", line 116, in check_token
    self.fetch_more_tokens()
  File "/Users/maxryoo/Documents/MSDS/Spring2023/DS5559_dbt_lab/venv/lib/python3.9/site-packages/yaml/scanner.py", line 223, in fetch_more_tokens
    return self.fetch_value()
  File "/Users/maxryoo/Documents/MSDS/Spring2023/DS5559_dbt_lab/venv/lib/python3.9/site-packages/yaml/scanner.py", line 577, in fetch_value
    raise ScannerError(None, None,
yaml.scanner.ScannerError: mapping values are not allowed here
  in "/Users/maxryoo/.dbt/profiles.yml", line 7, column 12



============================== 2023-04-17 01:32:37.752926 | f78458a0-6430-469a-9e5f-3b7f6d968c19 ==============================
[0m01:32:37.752926 [info ] [MainThread]: Running with dbt=1.4.5
[0m01:32:37.754031 [debug] [MainThread]: running dbt with arguments {'write_json': True, 'use_colors': True, 'printer_width': 80, 'version_check': True, 'partial_parse': True, 'static_parser': True, 'profiles_dir': '/Users/maxryoo/.dbt', 'send_anonymous_usage_stats': True, 'quiet': False, 'no_print': False, 'cache_selected_only': False, 'project_name': 'DS5559_LAB', 'skip_profile_setup': False, 'which': 'init', 'indirect_selection': 'eager'}
[0m01:32:37.754151 [debug] [MainThread]: Tracking: tracking
[0m01:32:37.778420 [debug] [MainThread]: Sending event: {'category': 'dbt', 'action': 'invocation', 'label': 'start', 'context': [<snowplow_tracker.self_describing_json.SelfDescribingJson object at 0x1113e1040>, <snowplow_tracker.self_describing_json.SelfDescribingJson object at 0x1113a9e20>, <snowplow_tracker.self_describing_json.SelfDescribingJson object at 0x1113a99a0>]}
[0m01:32:37.780514 [debug] [MainThread]: Starter project path: /Users/maxryoo/Documents/MSDS/Spring2023/DS5559_dbt_lab/venv/lib/python3.9/site-packages/dbt/include/starter_project
[0m01:32:37.785633 [debug] [MainThread]: Sending event: {'category': 'dbt', 'action': 'invocation', 'label': 'end', 'context': [<snowplow_tracker.self_describing_json.SelfDescribingJson object at 0x1113bd040>, <snowplow_tracker.self_describing_json.SelfDescribingJson object at 0x1113bdf40>, <snowplow_tracker.self_describing_json.SelfDescribingJson object at 0x1113bd3d0>]}
[0m01:32:37.785843 [debug] [MainThread]: Flushing usage events
[0m01:32:37.973681 [error] [MainThread]: Encountered an error:
mapping values are not allowed here
  in "/Users/maxryoo/.dbt/profiles.yml", line 7, column 12
[0m01:32:37.978258 [error] [MainThread]: Traceback (most recent call last):
  File "/Users/maxryoo/Documents/MSDS/Spring2023/DS5559_dbt_lab/venv/lib/python3.9/site-packages/dbt/main.py", line 136, in main
    results, succeeded = handle_and_check(args)
  File "/Users/maxryoo/Documents/MSDS/Spring2023/DS5559_dbt_lab/venv/lib/python3.9/site-packages/dbt/main.py", line 206, in handle_and_check
    task, res = run_from_args(parsed)
  File "/Users/maxryoo/Documents/MSDS/Spring2023/DS5559_dbt_lab/venv/lib/python3.9/site-packages/dbt/main.py", line 253, in run_from_args
    results = task.run()
  File "/Users/maxryoo/Documents/MSDS/Spring2023/DS5559_dbt_lab/venv/lib/python3.9/site-packages/dbt/task/init.py", line 302, in run
    if not self.check_if_can_write_profile(profile_name=project_name):
  File "/Users/maxryoo/Documents/MSDS/Spring2023/DS5559_dbt_lab/venv/lib/python3.9/site-packages/dbt/task/init.py", line 201, in check_if_can_write_profile
    profiles = yaml.safe_load(f) or {}
  File "/Users/maxryoo/Documents/MSDS/Spring2023/DS5559_dbt_lab/venv/lib/python3.9/site-packages/yaml/__init__.py", line 125, in safe_load
    return load(stream, SafeLoader)
  File "/Users/maxryoo/Documents/MSDS/Spring2023/DS5559_dbt_lab/venv/lib/python3.9/site-packages/yaml/__init__.py", line 81, in load
    return loader.get_single_data()
  File "/Users/maxryoo/Documents/MSDS/Spring2023/DS5559_dbt_lab/venv/lib/python3.9/site-packages/yaml/constructor.py", line 49, in get_single_data
    node = self.get_single_node()
  File "/Users/maxryoo/Documents/MSDS/Spring2023/DS5559_dbt_lab/venv/lib/python3.9/site-packages/yaml/composer.py", line 36, in get_single_node
    document = self.compose_document()
  File "/Users/maxryoo/Documents/MSDS/Spring2023/DS5559_dbt_lab/venv/lib/python3.9/site-packages/yaml/composer.py", line 55, in compose_document
    node = self.compose_node(None, None)
  File "/Users/maxryoo/Documents/MSDS/Spring2023/DS5559_dbt_lab/venv/lib/python3.9/site-packages/yaml/composer.py", line 84, in compose_node
    node = self.compose_mapping_node(anchor)
  File "/Users/maxryoo/Documents/MSDS/Spring2023/DS5559_dbt_lab/venv/lib/python3.9/site-packages/yaml/composer.py", line 133, in compose_mapping_node
    item_value = self.compose_node(node, item_key)
  File "/Users/maxryoo/Documents/MSDS/Spring2023/DS5559_dbt_lab/venv/lib/python3.9/site-packages/yaml/composer.py", line 84, in compose_node
    node = self.compose_mapping_node(anchor)
  File "/Users/maxryoo/Documents/MSDS/Spring2023/DS5559_dbt_lab/venv/lib/python3.9/site-packages/yaml/composer.py", line 133, in compose_mapping_node
    item_value = self.compose_node(node, item_key)
  File "/Users/maxryoo/Documents/MSDS/Spring2023/DS5559_dbt_lab/venv/lib/python3.9/site-packages/yaml/composer.py", line 84, in compose_node
    node = self.compose_mapping_node(anchor)
  File "/Users/maxryoo/Documents/MSDS/Spring2023/DS5559_dbt_lab/venv/lib/python3.9/site-packages/yaml/composer.py", line 133, in compose_mapping_node
    item_value = self.compose_node(node, item_key)
  File "/Users/maxryoo/Documents/MSDS/Spring2023/DS5559_dbt_lab/venv/lib/python3.9/site-packages/yaml/composer.py", line 84, in compose_node
    node = self.compose_mapping_node(anchor)
  File "/Users/maxryoo/Documents/MSDS/Spring2023/DS5559_dbt_lab/venv/lib/python3.9/site-packages/yaml/composer.py", line 127, in compose_mapping_node
    while not self.check_event(MappingEndEvent):
  File "/Users/maxryoo/Documents/MSDS/Spring2023/DS5559_dbt_lab/venv/lib/python3.9/site-packages/yaml/parser.py", line 98, in check_event
    self.current_event = self.state()
  File "/Users/maxryoo/Documents/MSDS/Spring2023/DS5559_dbt_lab/venv/lib/python3.9/site-packages/yaml/parser.py", line 428, in parse_block_mapping_key
    if self.check_token(KeyToken):
  File "/Users/maxryoo/Documents/MSDS/Spring2023/DS5559_dbt_lab/venv/lib/python3.9/site-packages/yaml/scanner.py", line 116, in check_token
    self.fetch_more_tokens()
  File "/Users/maxryoo/Documents/MSDS/Spring2023/DS5559_dbt_lab/venv/lib/python3.9/site-packages/yaml/scanner.py", line 223, in fetch_more_tokens
    return self.fetch_value()
  File "/Users/maxryoo/Documents/MSDS/Spring2023/DS5559_dbt_lab/venv/lib/python3.9/site-packages/yaml/scanner.py", line 577, in fetch_value
    raise ScannerError(None, None,
yaml.scanner.ScannerError: mapping values are not allowed here
  in "/Users/maxryoo/.dbt/profiles.yml", line 7, column 12



============================== 2023-04-17 01:33:01.297035 | e3c0f461-ff0e-4dc9-ac57-77f569288682 ==============================
[0m01:33:01.297035 [info ] [MainThread]: Running with dbt=1.4.5
[0m01:33:01.298159 [debug] [MainThread]: running dbt with arguments {'write_json': True, 'use_colors': True, 'printer_width': 80, 'version_check': True, 'partial_parse': True, 'static_parser': True, 'profiles_dir': '/Users/maxryoo/.dbt', 'send_anonymous_usage_stats': True, 'quiet': False, 'no_print': False, 'cache_selected_only': False, 'project_name': 'DS5559_LAB', 'skip_profile_setup': False, 'which': 'init', 'indirect_selection': 'eager'}
[0m01:33:01.298296 [debug] [MainThread]: Tracking: tracking
[0m01:33:01.317613 [debug] [MainThread]: Sending event: {'category': 'dbt', 'action': 'invocation', 'label': 'start', 'context': [<snowplow_tracker.self_describing_json.SelfDescribingJson object at 0x10fb92610>, <snowplow_tracker.self_describing_json.SelfDescribingJson object at 0x10fb92d60>, <snowplow_tracker.self_describing_json.SelfDescribingJson object at 0x10b44ddf0>]}
[0m01:33:01.319427 [debug] [MainThread]: Starter project path: /Users/maxryoo/Documents/MSDS/Spring2023/DS5559_dbt_lab/venv/lib/python3.9/site-packages/dbt/include/starter_project
[0m01:33:01.324100 [debug] [MainThread]: Sending event: {'category': 'dbt', 'action': 'invocation', 'label': 'end', 'context': [<snowplow_tracker.self_describing_json.SelfDescribingJson object at 0x10fba5310>, <snowplow_tracker.self_describing_json.SelfDescribingJson object at 0x10fba5190>, <snowplow_tracker.self_describing_json.SelfDescribingJson object at 0x10fba5940>]}
[0m01:33:01.324315 [debug] [MainThread]: Flushing usage events
[0m01:33:01.608212 [error] [MainThread]: Encountered an error:
mapping values are not allowed here
  in "/Users/maxryoo/.dbt/profiles.yml", line 7, column 13
[0m01:33:01.611938 [error] [MainThread]: Traceback (most recent call last):
  File "/Users/maxryoo/Documents/MSDS/Spring2023/DS5559_dbt_lab/venv/lib/python3.9/site-packages/dbt/main.py", line 136, in main
    results, succeeded = handle_and_check(args)
  File "/Users/maxryoo/Documents/MSDS/Spring2023/DS5559_dbt_lab/venv/lib/python3.9/site-packages/dbt/main.py", line 206, in handle_and_check
    task, res = run_from_args(parsed)
  File "/Users/maxryoo/Documents/MSDS/Spring2023/DS5559_dbt_lab/venv/lib/python3.9/site-packages/dbt/main.py", line 253, in run_from_args
    results = task.run()
  File "/Users/maxryoo/Documents/MSDS/Spring2023/DS5559_dbt_lab/venv/lib/python3.9/site-packages/dbt/task/init.py", line 302, in run
    if not self.check_if_can_write_profile(profile_name=project_name):
  File "/Users/maxryoo/Documents/MSDS/Spring2023/DS5559_dbt_lab/venv/lib/python3.9/site-packages/dbt/task/init.py", line 201, in check_if_can_write_profile
    profiles = yaml.safe_load(f) or {}
  File "/Users/maxryoo/Documents/MSDS/Spring2023/DS5559_dbt_lab/venv/lib/python3.9/site-packages/yaml/__init__.py", line 125, in safe_load
    return load(stream, SafeLoader)
  File "/Users/maxryoo/Documents/MSDS/Spring2023/DS5559_dbt_lab/venv/lib/python3.9/site-packages/yaml/__init__.py", line 81, in load
    return loader.get_single_data()
  File "/Users/maxryoo/Documents/MSDS/Spring2023/DS5559_dbt_lab/venv/lib/python3.9/site-packages/yaml/constructor.py", line 49, in get_single_data
    node = self.get_single_node()
  File "/Users/maxryoo/Documents/MSDS/Spring2023/DS5559_dbt_lab/venv/lib/python3.9/site-packages/yaml/composer.py", line 36, in get_single_node
    document = self.compose_document()
  File "/Users/maxryoo/Documents/MSDS/Spring2023/DS5559_dbt_lab/venv/lib/python3.9/site-packages/yaml/composer.py", line 55, in compose_document
    node = self.compose_node(None, None)
  File "/Users/maxryoo/Documents/MSDS/Spring2023/DS5559_dbt_lab/venv/lib/python3.9/site-packages/yaml/composer.py", line 84, in compose_node
    node = self.compose_mapping_node(anchor)
  File "/Users/maxryoo/Documents/MSDS/Spring2023/DS5559_dbt_lab/venv/lib/python3.9/site-packages/yaml/composer.py", line 133, in compose_mapping_node
    item_value = self.compose_node(node, item_key)
  File "/Users/maxryoo/Documents/MSDS/Spring2023/DS5559_dbt_lab/venv/lib/python3.9/site-packages/yaml/composer.py", line 84, in compose_node
    node = self.compose_mapping_node(anchor)
  File "/Users/maxryoo/Documents/MSDS/Spring2023/DS5559_dbt_lab/venv/lib/python3.9/site-packages/yaml/composer.py", line 133, in compose_mapping_node
    item_value = self.compose_node(node, item_key)
  File "/Users/maxryoo/Documents/MSDS/Spring2023/DS5559_dbt_lab/venv/lib/python3.9/site-packages/yaml/composer.py", line 84, in compose_node
    node = self.compose_mapping_node(anchor)
  File "/Users/maxryoo/Documents/MSDS/Spring2023/DS5559_dbt_lab/venv/lib/python3.9/site-packages/yaml/composer.py", line 133, in compose_mapping_node
    item_value = self.compose_node(node, item_key)
  File "/Users/maxryoo/Documents/MSDS/Spring2023/DS5559_dbt_lab/venv/lib/python3.9/site-packages/yaml/composer.py", line 84, in compose_node
    node = self.compose_mapping_node(anchor)
  File "/Users/maxryoo/Documents/MSDS/Spring2023/DS5559_dbt_lab/venv/lib/python3.9/site-packages/yaml/composer.py", line 127, in compose_mapping_node
    while not self.check_event(MappingEndEvent):
  File "/Users/maxryoo/Documents/MSDS/Spring2023/DS5559_dbt_lab/venv/lib/python3.9/site-packages/yaml/parser.py", line 98, in check_event
    self.current_event = self.state()
  File "/Users/maxryoo/Documents/MSDS/Spring2023/DS5559_dbt_lab/venv/lib/python3.9/site-packages/yaml/parser.py", line 428, in parse_block_mapping_key
    if self.check_token(KeyToken):
  File "/Users/maxryoo/Documents/MSDS/Spring2023/DS5559_dbt_lab/venv/lib/python3.9/site-packages/yaml/scanner.py", line 116, in check_token
    self.fetch_more_tokens()
  File "/Users/maxryoo/Documents/MSDS/Spring2023/DS5559_dbt_lab/venv/lib/python3.9/site-packages/yaml/scanner.py", line 223, in fetch_more_tokens
    return self.fetch_value()
  File "/Users/maxryoo/Documents/MSDS/Spring2023/DS5559_dbt_lab/venv/lib/python3.9/site-packages/yaml/scanner.py", line 577, in fetch_value
    raise ScannerError(None, None,
yaml.scanner.ScannerError: mapping values are not allowed here
  in "/Users/maxryoo/.dbt/profiles.yml", line 7, column 13



============================== 2023-04-17 01:33:33.712416 | db1f7f38-1015-4026-a1ed-114c315a18d8 ==============================
[0m01:33:33.712416 [info ] [MainThread]: Running with dbt=1.4.5
[0m01:33:33.713518 [debug] [MainThread]: running dbt with arguments {'write_json': True, 'use_colors': True, 'printer_width': 80, 'version_check': True, 'partial_parse': True, 'static_parser': True, 'profiles_dir': '/Users/maxryoo/.dbt', 'send_anonymous_usage_stats': True, 'quiet': False, 'no_print': False, 'cache_selected_only': False, 'project_name': 'DS5559_LAB', 'skip_profile_setup': False, 'which': 'init', 'indirect_selection': 'eager'}
[0m01:33:33.713668 [debug] [MainThread]: Tracking: tracking
[0m01:33:33.740121 [debug] [MainThread]: Sending event: {'category': 'dbt', 'action': 'invocation', 'label': 'start', 'context': [<snowplow_tracker.self_describing_json.SelfDescribingJson object at 0x10d6ee070>, <snowplow_tracker.self_describing_json.SelfDescribingJson object at 0x10d6b62e0>, <snowplow_tracker.self_describing_json.SelfDescribingJson object at 0x10d6c6850>]}
[0m01:33:33.741938 [debug] [MainThread]: Starter project path: /Users/maxryoo/Documents/MSDS/Spring2023/DS5559_dbt_lab/venv/lib/python3.9/site-packages/dbt/include/starter_project
[0m01:33:33.746639 [debug] [MainThread]: Sending event: {'category': 'dbt', 'action': 'invocation', 'label': 'end', 'context': [<snowplow_tracker.self_describing_json.SelfDescribingJson object at 0x10d6ca070>, <snowplow_tracker.self_describing_json.SelfDescribingJson object at 0x10d6ca340>, <snowplow_tracker.self_describing_json.SelfDescribingJson object at 0x10d6caa30>]}
[0m01:33:33.746834 [debug] [MainThread]: Flushing usage events
[0m01:33:33.889846 [error] [MainThread]: Encountered an error:
mapping values are not allowed here
  in "/Users/maxryoo/.dbt/profiles.yml", line 7, column 13
[0m01:33:33.893914 [error] [MainThread]: Traceback (most recent call last):
  File "/Users/maxryoo/Documents/MSDS/Spring2023/DS5559_dbt_lab/venv/lib/python3.9/site-packages/dbt/main.py", line 136, in main
    results, succeeded = handle_and_check(args)
  File "/Users/maxryoo/Documents/MSDS/Spring2023/DS5559_dbt_lab/venv/lib/python3.9/site-packages/dbt/main.py", line 206, in handle_and_check
    task, res = run_from_args(parsed)
  File "/Users/maxryoo/Documents/MSDS/Spring2023/DS5559_dbt_lab/venv/lib/python3.9/site-packages/dbt/main.py", line 253, in run_from_args
    results = task.run()
  File "/Users/maxryoo/Documents/MSDS/Spring2023/DS5559_dbt_lab/venv/lib/python3.9/site-packages/dbt/task/init.py", line 302, in run
    if not self.check_if_can_write_profile(profile_name=project_name):
  File "/Users/maxryoo/Documents/MSDS/Spring2023/DS5559_dbt_lab/venv/lib/python3.9/site-packages/dbt/task/init.py", line 201, in check_if_can_write_profile
    profiles = yaml.safe_load(f) or {}
  File "/Users/maxryoo/Documents/MSDS/Spring2023/DS5559_dbt_lab/venv/lib/python3.9/site-packages/yaml/__init__.py", line 125, in safe_load
    return load(stream, SafeLoader)
  File "/Users/maxryoo/Documents/MSDS/Spring2023/DS5559_dbt_lab/venv/lib/python3.9/site-packages/yaml/__init__.py", line 81, in load
    return loader.get_single_data()
  File "/Users/maxryoo/Documents/MSDS/Spring2023/DS5559_dbt_lab/venv/lib/python3.9/site-packages/yaml/constructor.py", line 49, in get_single_data
    node = self.get_single_node()
  File "/Users/maxryoo/Documents/MSDS/Spring2023/DS5559_dbt_lab/venv/lib/python3.9/site-packages/yaml/composer.py", line 36, in get_single_node
    document = self.compose_document()
  File "/Users/maxryoo/Documents/MSDS/Spring2023/DS5559_dbt_lab/venv/lib/python3.9/site-packages/yaml/composer.py", line 55, in compose_document
    node = self.compose_node(None, None)
  File "/Users/maxryoo/Documents/MSDS/Spring2023/DS5559_dbt_lab/venv/lib/python3.9/site-packages/yaml/composer.py", line 84, in compose_node
    node = self.compose_mapping_node(anchor)
  File "/Users/maxryoo/Documents/MSDS/Spring2023/DS5559_dbt_lab/venv/lib/python3.9/site-packages/yaml/composer.py", line 133, in compose_mapping_node
    item_value = self.compose_node(node, item_key)
  File "/Users/maxryoo/Documents/MSDS/Spring2023/DS5559_dbt_lab/venv/lib/python3.9/site-packages/yaml/composer.py", line 84, in compose_node
    node = self.compose_mapping_node(anchor)
  File "/Users/maxryoo/Documents/MSDS/Spring2023/DS5559_dbt_lab/venv/lib/python3.9/site-packages/yaml/composer.py", line 133, in compose_mapping_node
    item_value = self.compose_node(node, item_key)
  File "/Users/maxryoo/Documents/MSDS/Spring2023/DS5559_dbt_lab/venv/lib/python3.9/site-packages/yaml/composer.py", line 84, in compose_node
    node = self.compose_mapping_node(anchor)
  File "/Users/maxryoo/Documents/MSDS/Spring2023/DS5559_dbt_lab/venv/lib/python3.9/site-packages/yaml/composer.py", line 133, in compose_mapping_node
    item_value = self.compose_node(node, item_key)
  File "/Users/maxryoo/Documents/MSDS/Spring2023/DS5559_dbt_lab/venv/lib/python3.9/site-packages/yaml/composer.py", line 84, in compose_node
    node = self.compose_mapping_node(anchor)
  File "/Users/maxryoo/Documents/MSDS/Spring2023/DS5559_dbt_lab/venv/lib/python3.9/site-packages/yaml/composer.py", line 127, in compose_mapping_node
    while not self.check_event(MappingEndEvent):
  File "/Users/maxryoo/Documents/MSDS/Spring2023/DS5559_dbt_lab/venv/lib/python3.9/site-packages/yaml/parser.py", line 98, in check_event
    self.current_event = self.state()
  File "/Users/maxryoo/Documents/MSDS/Spring2023/DS5559_dbt_lab/venv/lib/python3.9/site-packages/yaml/parser.py", line 428, in parse_block_mapping_key
    if self.check_token(KeyToken):
  File "/Users/maxryoo/Documents/MSDS/Spring2023/DS5559_dbt_lab/venv/lib/python3.9/site-packages/yaml/scanner.py", line 116, in check_token
    self.fetch_more_tokens()
  File "/Users/maxryoo/Documents/MSDS/Spring2023/DS5559_dbt_lab/venv/lib/python3.9/site-packages/yaml/scanner.py", line 223, in fetch_more_tokens
    return self.fetch_value()
  File "/Users/maxryoo/Documents/MSDS/Spring2023/DS5559_dbt_lab/venv/lib/python3.9/site-packages/yaml/scanner.py", line 577, in fetch_value
    raise ScannerError(None, None,
yaml.scanner.ScannerError: mapping values are not allowed here
  in "/Users/maxryoo/.dbt/profiles.yml", line 7, column 13



============================== 2023-04-17 01:34:38.150916 | 26689326-6b74-4fec-a1aa-e6fae81abeb5 ==============================
[0m01:34:38.150916 [info ] [MainThread]: Running with dbt=1.4.5
[0m01:34:38.152068 [debug] [MainThread]: running dbt with arguments {'write_json': True, 'use_colors': True, 'printer_width': 80, 'version_check': True, 'partial_parse': True, 'static_parser': True, 'profiles_dir': '/Users/maxryoo/.dbt', 'send_anonymous_usage_stats': True, 'quiet': False, 'no_print': False, 'cache_selected_only': False, 'project_name': 'DS5559_LAB', 'skip_profile_setup': False, 'which': 'init', 'indirect_selection': 'eager'}
[0m01:34:38.152193 [debug] [MainThread]: Tracking: tracking
[0m01:34:38.178730 [debug] [MainThread]: Sending event: {'category': 'dbt', 'action': 'invocation', 'label': 'start', 'context': [<snowplow_tracker.self_describing_json.SelfDescribingJson object at 0x10d226ca0>, <snowplow_tracker.self_describing_json.SelfDescribingJson object at 0x11196aa30>, <snowplow_tracker.self_describing_json.SelfDescribingJson object at 0x11197ab20>]}
[0m01:34:38.180744 [debug] [MainThread]: Starter project path: /Users/maxryoo/Documents/MSDS/Spring2023/DS5559_dbt_lab/venv/lib/python3.9/site-packages/dbt/include/starter_project
[0m01:35:36.069804 [info ] [MainThread]: Profile DS5559_LAB written to /Users/maxryoo/.dbt/profiles.yml using target's profile_template.yml and your supplied values. Run 'dbt debug' to validate the connection.
[0m01:35:36.070506 [info ] [MainThread]: 
Your new dbt project "DS5559_LAB" was created!

For more information on how to configure the profiles.yml file,
please consult the dbt documentation here:

  https://docs.getdbt.com/docs/configure-your-profile

One more thing:

Need help? Don't hesitate to reach out to us via GitHub issues or on Slack:

  https://community.getdbt.com/

Happy modeling!

[0m01:35:36.070846 [debug] [MainThread]: Sending event: {'category': 'dbt', 'action': 'invocation', 'label': 'end', 'context': [<snowplow_tracker.self_describing_json.SelfDescribingJson object at 0x10d226ca0>, <snowplow_tracker.self_describing_json.SelfDescribingJson object at 0x11197a7f0>, <snowplow_tracker.self_describing_json.SelfDescribingJson object at 0x11197a7c0>]}
[0m01:35:36.071092 [debug] [MainThread]: Flushing usage events


============================== 2023-04-17 04:31:12.696456 | 76a27e27-13a9-4071-a89b-8cb02bf12571 ==============================
[0m04:31:12.696456 [info ] [MainThread]: Running with dbt=1.4.5
[0m04:31:12.697680 [debug] [MainThread]: running dbt with arguments {'write_json': True, 'use_colors': True, 'printer_width': 80, 'version_check': True, 'partial_parse': True, 'static_parser': True, 'profiles_dir': '/Users/maxryoo/.dbt', 'send_anonymous_usage_stats': True, 'quiet': False, 'no_print': False, 'cache_selected_only': False, 'project_name': 'DS5559_LAB', 'skip_profile_setup': False, 'which': 'init', 'indirect_selection': 'eager'}
[0m04:31:12.697841 [debug] [MainThread]: Tracking: tracking
[0m04:31:12.717614 [debug] [MainThread]: Sending event: {'category': 'dbt', 'action': 'invocation', 'label': 'start', 'context': [<snowplow_tracker.self_describing_json.SelfDescribingJson object at 0x10f756ee0>, <snowplow_tracker.self_describing_json.SelfDescribingJson object at 0x10f744160>, <snowplow_tracker.self_describing_json.SelfDescribingJson object at 0x10f744eb0>]}
[0m04:31:12.719809 [debug] [MainThread]: Starter project path: /Users/maxryoo/Documents/MSDS/Spring2023/DS5559_dbt_lab/venv/lib/python3.9/site-packages/dbt/include/starter_project
[0m04:32:18.939461 [info ] [MainThread]: Profile DS5559_LAB written to /Users/maxryoo/.dbt/profiles.yml using target's profile_template.yml and your supplied values. Run 'dbt debug' to validate the connection.
[0m04:32:18.941140 [info ] [MainThread]: 
Your new dbt project "DS5559_LAB" was created!

For more information on how to configure the profiles.yml file,
please consult the dbt documentation here:

  https://docs.getdbt.com/docs/configure-your-profile

One more thing:

Need help? Don't hesitate to reach out to us via GitHub issues or on Slack:

  https://community.getdbt.com/

Happy modeling!

[0m04:32:18.942031 [debug] [MainThread]: Sending event: {'category': 'dbt', 'action': 'invocation', 'label': 'end', 'context': [<snowplow_tracker.self_describing_json.SelfDescribingJson object at 0x10f756ee0>, <snowplow_tracker.self_describing_json.SelfDescribingJson object at 0x10f744d30>, <snowplow_tracker.self_describing_json.SelfDescribingJson object at 0x10f7448b0>]}
[0m04:32:18.942686 [debug] [MainThread]: Flushing usage events
